# JRE version: Java(TM) SE Runtime Environment (8.0_05-b13) (build 1.8.0_05-b13)
# Java VM: Java HotSpot(TM) 64-Bit Server VM (25.5-b02 mixed mode bsd-amd64 compressed oops)
Heap:
 PSYoungGen      total 35328K, used 19561K [0x00000007aab00000, 0x00000007ae680000, 0x00000007c0000000)
  eden space 30208K, 47% used [0x00000007aab00000,0x00000007ab925c18,0x00000007ac880000)
  from space 5120K, 99% used [0x00000007ac880000,0x00000007acd748a0,0x00000007acd80000)
  to   space 6144K, 0% used [0x00000007ae080000,0x00000007ae080000,0x00000007ae680000)
 ParOldGen       total 64000K, used 17274K [0x0000000780000000, 0x0000000783e80000, 0x00000007aab00000)
  object space 64000K, 26% used [0x0000000780000000,0x00000007810dea80,0x0000000783e80000)
 Metaspace       used 5635K, capacity 6768K, committed 7040K, reserved 1056768K
  class space    used 579K, capacity 616K, committed 640K, reserved 1048576K
GC Heap History (10 events):
Event: 1.074 GC heap before
{Heap before GC invocations=11 (full 0):
 PSYoungGen      total 15360K, used 14685K [0x00000007aab00000, 0x00000007abf00000, 0x00000007c0000000)
  eden space 11776K, 100% used [0x00000007aab00000,0x00000007ab680000,0x00000007ab680000)
  from space 3584K, 81% used [0x00000007aba80000,0x00000007abd57400,0x00000007abe00000)
  to   space 4096K, 0% used [0x00000007ab680000,0x00000007ab680000,0x00000007aba80000)
 ParOldGen       total 64000K, used 4294K [0x0000000780000000, 0x0000000783e80000, 0x00000007aab00000)
  object space 64000K, 6% used [0x0000000780000000,0x0000000780431930,0x0000000783e80000)
 Metaspace       used 5510K, capacity 6704K, committed 6784K, reserved 1056768K
  class space    used 579K, capacity 616K, committed 640K, reserved 1048576K
Event: 1.093 GC heap after
Heap after GC invocations=11 (full 0):
 PSYoungGen      total 15872K, used 2779K [0x00000007aab00000, 0x00000007ac580000, 0x00000007c0000000)
  eden space 11776K, 0% used [0x00000007aab00000,0x00000007aab00000,0x00000007ab680000)
  from space 4096K, 67% used [0x00000007ab680000,0x00000007ab936ed0,0x00000007aba80000)
  to   space 4096K, 0% used [0x00000007ac180000,0x00000007ac180000,0x00000007ac580000)
 ParOldGen       total 64000K, used 6992K [0x0000000780000000, 0x0000000783e80000, 0x00000007aab00000)
  object space 64000K, 10% used [0x0000000780000000,0x00000007806d41c0,0x0000000783e80000)
 Metaspace       used 5510K, capacity 6704K, committed 6784K, reserved 1056768K
  class space    used 579K, capacity 616K, committed 640K, reserved 1048576K
}
Event: 1.206 GC heap before
{Heap before GC invocations=12 (full 0):
 PSYoungGen      total 15872K, used 14555K [0x00000007aab00000, 0x00000007ac580000, 0x00000007c0000000)
  eden space 11776K, 100% used [0x00000007aab00000,0x00000007ab680000,0x00000007ab680000)
  from space 4096K, 67% used [0x00000007ab680000,0x00000007ab936ed0,0x00000007aba80000)
  to   space 4096K, 0% used [0x00000007ac180000,0x00000007ac180000,0x00000007ac580000)
 ParOldGen       total 64000K, used 6992K [0x0000000780000000, 0x0000000783e80000, 0x00000007aab00000)
  object space 64000K, 10% used [0x0000000780000000,0x00000007806d41c0,0x0000000783e80000)
 Metaspace       used 5523K, capacity 6704K, committed 6784K, reserved 1056768K
  class space    used 579K, capacity 616K, committed 640K, reserved 1048576K
Event: 1.217 GC heap after
Heap after GC invocations=12 (full 0):
 PSYoungGen      total 23040K, used 2592K [0x00000007aab00000, 0x00000007ac580000, 0x00000007c0000000)
  eden space 18944K, 0% used [0x00000007aab00000,0x00000007aab00000,0x00000007abd80000)
  from space 4096K, 63% used [0x00000007ac180000,0x00000007ac408010,0x00000007ac580000)
  to   space 4096K, 0% used [0x00000007abd80000,0x00000007abd80000,0x00000007ac180000)
 ParOldGen       total 64000K, used 9340K [0x0000000780000000, 0x0000000783e80000, 0x00000007aab00000)
  object space 64000K, 14% used [0x0000000780000000,0x000000078091f3f8,0x0000000783e80000)
 Metaspace       used 5523K, capacity 6704K, committed 6784K, reserved 1056768K
  class space    used 579K, capacity 616K, committed 640K, reserved 1048576K
}
Event: 1.362 GC heap before
{Heap before GC invocations=13 (full 0):
 PSYoungGen      total 23040K, used 21536K [0x00000007aab00000, 0x00000007ac580000, 0x00000007c0000000)
  eden space 18944K, 100% used [0x00000007aab00000,0x00000007abd80000,0x00000007abd80000)
  from space 4096K, 63% used [0x00000007ac180000,0x00000007ac408010,0x00000007ac580000)
  to   space 4096K, 0% used [0x00000007abd80000,0x00000007abd80000,0x00000007ac180000)
 ParOldGen       total 64000K, used 9340K [0x0000000780000000, 0x0000000783e80000, 0x00000007aab00000)
  object space 64000K, 14% used [0x0000000780000000,0x000000078091f3f8,0x0000000783e80000)
 Metaspace       used 5544K, capacity 6704K, committed 6784K, reserved 1056768K
  class space    used 579K, capacity 616K, committed 640K, reserved 1048576K
Event: 1.374 GC heap after
Heap after GC invocations=13 (full 0):
 PSYoungGen      total 23040K, used 3808K [0x00000007aab00000, 0x00000007ad200000, 0x00000007c0000000)
  eden space 18944K, 0% used [0x00000007aab00000,0x00000007aab00000,0x00000007abd80000)
  from space 4096K, 92% used [0x00000007abd80000,0x00000007ac138000,0x00000007ac180000)
  to   space 4608K, 0% used [0x00000007acd80000,0x00000007acd80000,0x00000007ad200000)
 ParOldGen       total 64000K, used 10844K [0x0000000780000000, 0x0000000783e80000, 0x00000007aab00000)
  object space 64000K, 16% used [0x0000000780000000,0x0000000780a971d0,0x0000000783e80000)
 Metaspace       used 5544K, capacity 6704K, committed 6784K, reserved 1056768K
  class space    used 579K, capacity 616K, committed 640K, reserved 1048576K
}
Event: 1.540 GC heap before
{Heap before GC invocations=14 (full 0):
 PSYoungGen      total 23040K, used 22752K [0x00000007aab00000, 0x00000007ad200000, 0x00000007c0000000)
  eden space 18944K, 100% used [0x00000007aab00000,0x00000007abd80000,0x00000007abd80000)
  from space 4096K, 92% used [0x00000007abd80000,0x00000007ac138000,0x00000007ac180000)
  to   space 4608K, 0% used [0x00000007acd80000,0x00000007acd80000,0x00000007ad200000)
 ParOldGen       total 64000K, used 10844K [0x0000000780000000, 0x0000000783e80000, 0x00000007aab00000)
  object space 64000K, 16% used [0x0000000780000000,0x0000000780a971d0,0x0000000783e80000)
 Metaspace       used 5559K, capacity 6704K, committed 6784K, reserved 1056768K
  class space    used 579K, capacity 616K, committed 640K, reserved 1048576K
Event: 1.568 GC heap after
Heap after GC invocations=14 (full 0):
 PSYoungGen      total 34816K, used 3538K [0x00000007aab00000, 0x00000007ad300000, 0x00000007c0000000)
  eden space 30208K, 0% used [0x00000007aab00000,0x00000007aab00000,0x00000007ac880000)
  from space 4608K, 76% used [0x00000007acd80000,0x00000007ad0f4960,0x00000007ad200000)
  to   space 5120K, 0% used [0x00000007ac880000,0x00000007ac880000,0x00000007acd80000)
 ParOldGen       total 64000K, used 14242K [0x0000000780000000, 0x0000000783e80000, 0x00000007aab00000)
  object space 64000K, 22% used [0x0000000780000000,0x0000000780de8aa8,0x0000000783e80000)
 Metaspace       used 5559K, capacity 6704K, committed 6784K, reserved 1056768K
  class space    used 579K, capacity 616K, committed 640K, reserved 1048576K
}
Event: 1.803 GC heap before
{Heap before GC invocations=15 (full 0):
 PSYoungGen      total 34816K, used 33746K [0x00000007aab00000, 0x00000007ad300000, 0x00000007c0000000)
  eden space 30208K, 100% used [0x00000007aab00000,0x00000007ac880000,0x00000007ac880000)
  from space 4608K, 76% used [0x00000007acd80000,0x00000007ad0f4960,0x00000007ad200000)
  to   space 5120K, 0% used [0x00000007ac880000,0x00000007ac880000,0x00000007acd80000)
 ParOldGen       total 64000K, used 14242K [0x0000000780000000, 0x0000000783e80000, 0x00000007aab00000)
  object space 64000K, 22% used [0x0000000780000000,0x0000000780de8aa8,0x0000000783e80000)
 Metaspace       used 5635K, capacity 6768K, committed 7040K, reserved 1056768K
  class space    used 579K, capacity 616K, committed 640K, reserved 1048576K
Event: 1.819 GC heap after
Heap after GC invocations=15 (full 0):
 PSYoungGen      total 35328K, used 5074K [0x00000007aab00000, 0x00000007ae680000, 0x00000007c0000000)
  eden space 30208K, 0% used [0x00000007aab00000,0x00000007aab00000,0x00000007ac880000)
  from space 5120K, 99% used [0x00000007ac880000,0x00000007acd748a0,0x00000007acd80000)
  to   space 6144K, 0% used [0x00000007ae080000,0x00000007ae080000,0x00000007ae680000)
 ParOldGen       total 64000K, used 17274K [0x0000000780000000, 0x0000000783e80000, 0x00000007aab00000)
  object space 64000K, 26% used [0x0000000780000000,0x00000007810dea80,0x0000000783e80000)
 Metaspace       used 5635K, capacity 6768K, committed 7040K, reserved 1056768K
  class space    used 579K, capacity 616K, committed 640K, reserved 1048576K
}

